<?xml version="1.0" encoding="UTF-8"?>
<!-- Generated by org.testng.reporters.JUnitXMLReporter -->
<testsuite ignored="0" hostname="DESKTOP-MPRC3MJ" failures="0" tests="4" name="Test" time="25.384" errors="0" timestamp="2022-02-22T18:40:34 IST">
  <testcase classname="Academy.HomePageToLogin" name="homePageNavigation" time="5.585"/>
  <testcase classname="Academy.HomePageToLogin" name="homePageNavigation" time="4.317"/>
  <testcase classname="Academy.validateTitleHome" name="homeePageNavigation" time="0.903"/>
  <testcase classname="Academy.validateContactBarHome" name="homeePageNavigation" time="0.347"/>
</testsuite> <!-- Test -->
