<?xml version="1.0" encoding="UTF-8"?>
<!-- Generated by org.testng.reporters.JUnitXMLReporter -->
<testsuite ignored="0" hostname="DESKTOP-MPRC3MJ" failures="0" tests="4" name="Test" time="33.515" errors="0" timestamp="2022-02-22T19:30:33 IST">
  <testcase classname="Academy.HomePageToLogin" name="homePageNavigation" time="5.922"/>
  <testcase classname="Academy.HomePageToLogin" name="homePageNavigation" time="4.177"/>
  <testcase classname="Academy.validateTitleHome" name="homeePageNavigation" time="0.821"/>
  <testcase classname="Academy.validateContactBarHome" name="homeePageNavigation" time="0.182"/>
</testsuite> <!-- Test -->
