<?xml version="1.0" encoding="UTF-8"?>
<testsuite xmlns:xsi="http://www.w3.org/2001/XMLSchema-instance" xsi:noNamespaceSchemaLocation="https://maven.apache.org/surefire/maven-surefire-plugin/xsd/surefire-test-report-3.0.xsd" version="3.0" name="TestSuite" time="24.292" tests="4" errors="0" skipped="0" failures="0">
  <properties>
[...]
</properties>
  <testcase name="homePageNavigation" classname="Academy.validateContactBarHome" time="0.302">
    <system-out><![CDATA[chrome
chrome
chrome
]]></system-out>
    <system-err><![CDATA[SLF4J: Failed to load class "org.slf4j.impl.StaticLoggerBinder".
SLF4J: Defaulting to no-operation (NOP) logger implementation
SLF4J: See http://www.slf4j.org/codes.html#StaticLoggerBinder for further details.
SSttaratritngi nCgh rCohmroemDreiDvreirv e9r8 .90.84.07.548.75180.21 0(227 3(bf277a3cb8fc79a0c98ccd9e0396c9d8e23d62978f26d62f73fc6760f834c67a03874168a-3r7e1fs/bran8c-hr-ehfeads/47s5/8b@{r#a1nc1h5-1}h)e adons /p4o75r8t@ {6#30101951
})On olny  lpoorcat l5 0co3n63ne
ctOinlonys  laorceal  aclonlnoewcetd.io
nPsl eaarsee  saelel ohwtetdp.s:
/P/lceharsomee dsreiev ehrt.tcphsro:m/i/ucmhr.oomregd/rsievceurr.icthyr-ocmoinusmi.odregr/asteicounrsi tfyo-rc osnusgigdeesrtaitoinonss  ofno rk eseugpgiensgt iCohrnsom eoDnr ikveeepri nsga Cfher.ome
Driver safe.
Starting ChromeDriver 98.0.4758.102 (273bf7ac8c909cde36982d27f66f3c70846a3718-refs/branch-heads/4758@{#1151}) on port 62006
Only local connections are allowed.
Please see https://chromedriver.chromium.org/security-considerations for suggestions on keeping ChromeDriver safe.
CCChhhrrrooommmeeDeDrDirrivveiervr ew awrsa s w satssta rasrttteaedrd tseudc ce successfully.
sucscsesfsuflullyl.y.

Feb 25, 2022 2:34:51 PM org.openqa.selenium.remote.ProtocolHandshake createSession
INFO: Detected dialect: W3C
Feb 25, 2022 2:34:51 PM org.openqa.selenium.remote.ProtocolHandshake createSession
INFO: Detected dialect: W3C
Feb 25, 2022 2:34:51 PM org.openqa.selenium.remote.ProtocolHandshake createSession
INFO: Detected dialect: W3C
Feb 25, 2022 2:34:51 PM org.openqa.selenium.devtools.CdpVersionFinder findNearestMatch
WARNING: Unable to find an exact match for CDP version 98, so returning the closest version found: 97
Feb 25, 2022 2:34:51 PM org.openqa.selenium.devtools.CdpVersionFinder findNearestMatch
WARNING: Unable to find an exact match for CDP version 98, so returning the closest version found: 97
Feb 25, 2022 2:34:51 PM org.openqa.selenium.devtools.CdpVersionFinder findNearestMatch
WARNING: Unable to find an exact match for CDP version 98, so returning the closest version found: 97
Feb 25, 2022 2:34:51 PM org.openqa.selenium.devtools.CdpVersionFinder findNearestMatch
INFO: Found CDP implementation for version 98 of 97
Feb 25, 2022 2:34:51 PM org.openqa.selenium.devtools.CdpVersionFinder findNearestMatch
INFO: Found CDP implementation for version 98 of 97
Feb 25, 2022 2:34:51 PM org.openqa.selenium.devtools.CdpVersionFinder findNearestMatch
INFO: Found CDP implementation for version 98 of 97
]]></system-err>
  </testcase>
  <testcase name="homePageNavigation" classname="Academy.validateTitleHome" time="0.13"/>
  <testcase name="homePageNavigation[non restricted user, 123456](1)" classname="Academy.HomePageToLogin" time="2.981"/>
  <testcase name="homePageNavigation[restricted user, 7879456](2)" classname="Academy.HomePageToLogin" time="3.007"/>
</testsuite>