<?xml version="1.0" encoding="UTF-8"?>
<testng-results ignored="0" total="2" passed="2" failed="0" skipped="0">
  <reporter-output>
  </reporter-output>
  <suite started-at="2022-02-25T15:47:32 IST" name="Default suite" finished-at="2022-02-25T15:47:49 IST" duration-ms="16987">
    <groups>
    </groups>
    <test started-at="2022-02-25T15:47:32 IST" name="Default test" finished-at="2022-02-25T15:47:49 IST" duration-ms="16987">
      <class name="Academy.validateTitleHome">
        <test-method is-config="true" signature="initialize()[pri:0, instance:Academy.validateTitleHome@3f28bd56]" started-at="2022-02-25T15:47:32 IST" name="initialize" finished-at="2022-02-25T15:47:49 IST" duration-ms="16679" status="PASS">
          <reporter-output>
          </reporter-output>
        </test-method> <!-- initialize -->
        <test-method signature="validateHeader()[pri:0, instance:Academy.validateTitleHome@3f28bd56]" started-at="2022-02-25T15:47:49 IST" name="validateHeader" finished-at="2022-02-25T15:47:49 IST" duration-ms="57" status="PASS">
          <reporter-output>
          </reporter-output>
        </test-method> <!-- validateHeader -->
        <test-method signature="validateTitle()[pri:0, instance:Academy.validateTitleHome@3f28bd56]" started-at="2022-02-25T15:47:49 IST" name="validateTitle" finished-at="2022-02-25T15:47:49 IST" duration-ms="48" status="PASS">
          <reporter-output>
          </reporter-output>
        </test-method> <!-- validateTitle -->
        <test-method is-config="true" signature="teardown()[pri:0, instance:Academy.validateTitleHome@3f28bd56]" started-at="2022-02-25T15:47:49 IST" name="teardown" finished-at="2022-02-25T15:47:49 IST" duration-ms="147" status="PASS">
          <reporter-output>
          </reporter-output>
        </test-method> <!-- teardown -->
      </class> <!-- Academy.validateTitleHome -->
    </test> <!-- Default test -->
  </suite> <!-- Default suite -->
</testng-results>
